<?xml version="1.0" encoding="UTF-8"?>
<testng-results skipped="0" failed="0" total="1" passed="1">
  <reporter-output>
  </reporter-output>
  <suite name="Default suite" duration-ms="1903" started-at="2021-08-31T09:46:13Z" finished-at="2021-08-31T09:46:15Z">
    <groups>
    </groups>
    <test name="Default test" duration-ms="1903" started-at="2021-08-31T09:46:13Z" finished-at="2021-08-31T09:46:15Z">
      <class name="employeeDetails.Validate_CreateNewEmployee">
        <test-method status="PASS" signature="verifyCreateNewEmployee()[pri:0, instance:employeeDetails.Validate_CreateNewEmployee@2a2d45ba]" name="verifyCreateNewEmployee" duration-ms="1882" started-at="2021-08-31T15:16:13Z" finished-at="2021-08-31T15:16:15Z">
          <reporter-output>
          </reporter-output>
        </test-method> <!-- verifyCreateNewEmployee -->
      </class> <!-- employeeDetails.Validate_CreateNewEmployee -->
    </test> <!-- Default test -->
  </suite> <!-- Default suite -->
</testng-results>
